2020-08-14 01:03:33,592 INFO org.springframework.boot.StartupInfoLogger [main] Starting BackEndTestLoggingApplication on Nandus-Air.lan with PID 15302 (/Users/nandudharmapalan/Documents/Spring/back-end-test-logging/target/classes started by nandudharmapalan in /Users/nandudharmapalan/Documents/Spring/back-end-test-logging)
2020-08-14 01:03:33,599 DEBUG org.springframework.boot.StartupInfoLogger [main] Running with Spring Boot v2.3.2.RELEASE, Spring v5.2.8.RELEASE
2020-08-14 01:03:33,601 INFO org.springframework.boot.SpringApplication [main] No active profile set, falling back to default profiles: default
2020-08-14 01:03:56,588 INFO org.springframework.boot.StartupInfoLogger [main] Starting BackEndTestLoggingApplication on Nandus-Air.lan with PID 15313 (/Users/nandudharmapalan/Documents/Spring/back-end-test-logging/target/classes started by nandudharmapalan in /Users/nandudharmapalan/Documents/Spring/back-end-test-logging)
2020-08-14 01:03:56,594 DEBUG org.springframework.boot.StartupInfoLogger [main] Running with Spring Boot v2.3.2.RELEASE, Spring v5.2.8.RELEASE
2020-08-14 01:03:56,595 INFO org.springframework.boot.SpringApplication [main] No active profile set, falling back to default profiles: default
2020-08-14 01:04:00,510 INFO org.springframework.boot.StartupInfoLogger [main] Started BackEndTestLoggingApplication in 4.632 seconds (JVM running for 5.803)
2020-08-14 01:08:52,677 INFO org.springframework.boot.StartupInfoLogger [main] Starting BackEndTestLoggingApplication on Nandus-Air.lan with PID 15329 (/Users/nandudharmapalan/Documents/Spring/back-end-test-logging/target/classes started by nandudharmapalan in /Users/nandudharmapalan/Documents/Spring/back-end-test-logging)
2020-08-14 01:08:52,682 DEBUG org.springframework.boot.StartupInfoLogger [main] Running with Spring Boot v2.3.2.RELEASE, Spring v5.2.8.RELEASE
2020-08-14 01:08:52,684 INFO org.springframework.boot.SpringApplication [main] No active profile set, falling back to default profiles: default
2020-08-14 01:08:56,936 INFO org.springframework.boot.StartupInfoLogger [main] Started BackEndTestLoggingApplication in 5.072 seconds (JVM running for 6.534)
2020-08-14 01:09:32,533 INFO com.example.backendtestlogging.services.ClientSideLoggerServiceImpl [http-nio-8080-exec-1] ABC123XYZ XYZ456ABC 2018-10-18T21:38:28+06:00 CLICK Properties{locationX=52, locationY=11, viewedId='null', pageFrom='null', pageTo='null'}
2020-08-14 01:09:32,556 INFO com.example.backendtestlogging.services.ClientSideLoggerServiceImpl [http-nio-8080-exec-1] ABC123XYZ XYZ456ABC 2018-10-18T21:39:30-06:00 VIEW Properties{locationX=null, locationY=null, viewedId='FDJKLHSLD', pageFrom='null', pageTo='null'}
2020-08-14 01:09:32,557 INFO com.example.backendtestlogging.services.ClientSideLoggerServiceImpl [http-nio-8080-exec-1] ABC123XYZ XYZ456ABC 2018-10-18T21:47:30-06:00 NAVIGATE Properties{locationX=null, locationY=null, viewedId='null', pageFrom='communities', pageTo='inventory'}
2020-08-14 03:39:20,427 INFO org.springframework.boot.StartupInfoLogger [main] Starting BackEndTestLoggingApplication on Nandus-Air.lan with PID 15864 (/Users/nandudharmapalan/Documents/Spring/back-end-test-logging/target/classes started by nandudharmapalan in /Users/nandudharmapalan/Documents/Spring/back-end-test-logging)
2020-08-14 03:39:20,430 DEBUG org.springframework.boot.StartupInfoLogger [main] Running with Spring Boot v2.3.2.RELEASE, Spring v5.2.8.RELEASE
2020-08-14 03:39:20,431 INFO org.springframework.boot.SpringApplication [main] No active profile set, falling back to default profiles: default
2020-08-14 03:39:24,636 INFO org.springframework.boot.StartupInfoLogger [main] Started BackEndTestLoggingApplication in 4.802 seconds (JVM running for 6.131)
2020-08-14 03:42:29,576 INFO org.springframework.boot.StartupInfoLogger [main] Starting BackEndTestLoggingApplication on Nandus-Air.lan with PID 15884 (/Users/nandudharmapalan/Documents/Spring/back-end-test-logging/target/classes started by nandudharmapalan in /Users/nandudharmapalan/Documents/Spring/back-end-test-logging)
2020-08-14 03:42:29,579 DEBUG org.springframework.boot.StartupInfoLogger [main] Running with Spring Boot v2.3.2.RELEASE, Spring v5.2.8.RELEASE
2020-08-14 03:42:29,580 INFO org.springframework.boot.SpringApplication [main] No active profile set, falling back to default profiles: default
2020-08-14 03:42:33,486 INFO org.springframework.boot.StartupInfoLogger [main] Started BackEndTestLoggingApplication in 4.554 seconds (JVM running for 5.572)
2020-08-14 03:43:34,938 INFO org.springframework.boot.StartupInfoLogger [main] Starting BackEndTestLoggingApplication on Nandus-Air.lan with PID 15888 (/Users/nandudharmapalan/Documents/Spring/back-end-test-logging/target/classes started by nandudharmapalan in /Users/nandudharmapalan/Documents/Spring/back-end-test-logging)
2020-08-14 03:43:34,942 DEBUG org.springframework.boot.StartupInfoLogger [main] Running with Spring Boot v2.3.2.RELEASE, Spring v5.2.8.RELEASE
2020-08-14 03:43:34,943 INFO org.springframework.boot.SpringApplication [main] No active profile set, falling back to default profiles: default
2020-08-14 03:43:39,043 INFO org.springframework.boot.StartupInfoLogger [main] Started BackEndTestLoggingApplication in 4.782 seconds (JVM running for 5.837)
2020-08-14 03:46:36,872 INFO com.example.backendtestlogging.services.ClientSideLoggerServiceImpl [http-nio-8080-exec-6] XYZ XYZ456ABC 2018-10-18T21:38:28+06:00 CLICK Properties{locationX=52, locationY=11, viewedId='null', pageFrom='null', pageTo='null'}
2020-08-14 03:46:36,919 INFO com.example.backendtestlogging.services.ClientSideLoggerServiceImpl [http-nio-8080-exec-6] XYZ XYZ456ABC 2018-10-18T21:39:30-06:00 VIEW Properties{locationX=null, locationY=null, viewedId='FDJKLHSLD', pageFrom='null', pageTo='null'}
2020-08-14 03:46:36,920 INFO com.example.backendtestlogging.services.ClientSideLoggerServiceImpl [http-nio-8080-exec-6] XYZ XYZ456ABC 2018-10-18T21:47:30-06:00 NAVIGATE Properties{locationX=null, locationY=null, viewedId='null', pageFrom='communities', pageTo='inventory'}
2020-08-14 04:35:04,687 INFO org.springframework.boot.StartupInfoLogger [main] Starting BackEndTestLoggingApplication on Nandus-Air.lan with PID 16131 (/Users/nandudharmapalan/Documents/Spring/back-end-test-logging/target/classes started by nandudharmapalan in /Users/nandudharmapalan/Documents/Spring/back-end-test-logging)
2020-08-14 04:35:04,691 DEBUG org.springframework.boot.StartupInfoLogger [main] Running with Spring Boot v2.3.2.RELEASE, Spring v5.2.8.RELEASE
2020-08-14 04:35:04,692 INFO org.springframework.boot.SpringApplication [main] No active profile set, falling back to default profiles: default
2020-08-14 04:35:09,950 INFO org.springframework.boot.StartupInfoLogger [main] Started BackEndTestLoggingApplication in 5.883 seconds (JVM running for 7.294)
2020-08-14 04:35:25,681 INFO com.example.backendtestlogging.services.ClientSideLoggerServiceImpl [http-nio-8080-exec-1] XYZ XYZ456ABC 2018-10-18T21:38:28+06:00 CLICK Properties{locationX=52, locationY=11, viewedId='null', pageFrom='null', pageTo='null'}
2020-08-14 04:35:25,726 INFO com.example.backendtestlogging.services.ClientSideLoggerServiceImpl [http-nio-8080-exec-1] XYZ XYZ456ABC 2018-10-18T21:39:30-06:00 VIEW Properties{locationX=null, locationY=null, viewedId='FDJKLHSLD', pageFrom='null', pageTo='null'}
2020-08-14 04:35:25,727 INFO com.example.backendtestlogging.services.ClientSideLoggerServiceImpl [http-nio-8080-exec-1] XYZ XYZ456ABC 2018-10-18T21:47:30-06:00 NAVIGATE Properties{locationX=null, locationY=null, viewedId='null', pageFrom='communities', pageTo='inventory'}
2020-08-14 04:37:03,989 INFO org.springframework.boot.StartupInfoLogger [main] Starting BackEndTestLoggingApplication on Nandus-Air.lan with PID 16145 (/Users/nandudharmapalan/Documents/Spring/back-end-test-logging/target/classes started by nandudharmapalan in /Users/nandudharmapalan/Documents/Spring/back-end-test-logging)
2020-08-14 04:37:03,992 DEBUG org.springframework.boot.StartupInfoLogger [main] Running with Spring Boot v2.3.2.RELEASE, Spring v5.2.8.RELEASE
2020-08-14 04:37:03,993 INFO org.springframework.boot.SpringApplication [main] No active profile set, falling back to default profiles: default
2020-08-14 04:37:09,429 INFO org.springframework.boot.StartupInfoLogger [main] Started BackEndTestLoggingApplication in 6.11 seconds (JVM running for 7.2)
2020-08-14 04:37:16,955 INFO com.example.backendtestlogging.services.ClientSideLoggerServiceImpl [http-nio-8080-exec-2] XYZ XYZ456ABC 2018-10-18T21:38:28+06:00 CLICK Properties{locationX=52, locationY=11, viewedId='null', pageFrom='null', pageTo='null'}
2020-08-14 04:37:16,976 INFO com.example.backendtestlogging.services.ClientSideLoggerServiceImpl [http-nio-8080-exec-2] XYZ XYZ456ABC 2018-10-18T21:39:30-06:00 VIEW Properties{locationX=null, locationY=null, viewedId='FDJKLHSLD', pageFrom='null', pageTo='null'}
2020-08-14 04:37:16,977 INFO com.example.backendtestlogging.services.ClientSideLoggerServiceImpl [http-nio-8080-exec-2] XYZ XYZ456ABC 2018-10-18T21:47:30-06:00 NAVIGATE Properties{locationX=null, locationY=null, viewedId='null', pageFrom='communities', pageTo='inventory'}
2020-08-14 04:50:20,585 INFO org.springframework.boot.StartupInfoLogger [main] Starting BackEndTestLoggingApplication on Nandus-Air.lan with PID 16187 (/Users/nandudharmapalan/Documents/Spring/back-end-test-logging/target/classes started by nandudharmapalan in /Users/nandudharmapalan/Documents/Spring/back-end-test-logging)
2020-08-14 04:50:20,588 DEBUG org.springframework.boot.StartupInfoLogger [main] Running with Spring Boot v2.3.2.RELEASE, Spring v5.2.8.RELEASE
2020-08-14 04:50:20,589 INFO org.springframework.boot.SpringApplication [main] No active profile set, falling back to default profiles: default
2020-08-14 04:50:25,452 INFO org.springframework.boot.StartupInfoLogger [main] Started BackEndTestLoggingApplication in 5.48 seconds (JVM running for 6.651)
2020-08-14 05:02:44,265 INFO org.springframework.boot.StartupInfoLogger [main] Starting BackEndTestLoggingApplication on Nandus-Air.lan with PID 16234 (/Users/nandudharmapalan/Documents/Spring/back-end-test-logging/target/classes started by nandudharmapalan in /Users/nandudharmapalan/Documents/Spring/back-end-test-logging)
2020-08-14 05:02:44,290 DEBUG org.springframework.boot.StartupInfoLogger [main] Running with Spring Boot v2.3.2.RELEASE, Spring v5.2.8.RELEASE
2020-08-14 05:02:44,291 INFO org.springframework.boot.SpringApplication [main] No active profile set, falling back to default profiles: default
2020-08-14 05:02:48,126 INFO org.springframework.boot.StartupInfoLogger [main] Started BackEndTestLoggingApplication in 4.533 seconds (JVM running for 5.906)
2020-08-14 05:02:57,491 INFO com.example.backendtestlogging.services.ClientSideLoggerServiceImpl [http-nio-8080-exec-2] XYZ XYZ456ABC 2018-10-18T21:38:28+06:00 CLICK Properties{locationX=52, locationY=11, viewedId='null', pageFrom='null', pageTo='null'}
2020-08-14 05:02:57,520 INFO com.example.backendtestlogging.services.ClientSideLoggerServiceImpl [http-nio-8080-exec-2] XYZ XYZ456ABC 2018-10-18T21:39:30-06:00 VIEW Properties{locationX=null, locationY=null, viewedId='FDJKLHSLD', pageFrom='null', pageTo='null'}
2020-08-14 05:02:57,521 INFO com.example.backendtestlogging.services.ClientSideLoggerServiceImpl [http-nio-8080-exec-2] XYZ XYZ456ABC 2018-10-18T21:47:30-06:00 NAVIGATE Properties{locationX=null, locationY=null, viewedId='null', pageFrom='communities', pageTo='inventory'}
2020-08-14 05:07:10,603 INFO org.springframework.boot.StartupInfoLogger [main] Starting BackEndTestLoggingApplicationTests on Nandus-Air.lan with PID 16269 (started by nandudharmapalan in /Users/nandudharmapalan/Documents/Spring/back-end-test-logging)
2020-08-14 05:07:10,607 DEBUG org.springframework.boot.StartupInfoLogger [main] Running with Spring Boot v2.3.2.RELEASE, Spring v5.2.8.RELEASE
2020-08-14 05:07:10,608 INFO org.springframework.boot.SpringApplication [main] No active profile set, falling back to default profiles: default
2020-08-14 05:07:15,589 INFO org.springframework.boot.StartupInfoLogger [main] Started BackEndTestLoggingApplicationTests in 5.969 seconds (JVM running for 8.523)
2020-08-14 05:25:17,498 INFO org.springframework.boot.StartupInfoLogger [main] Starting ClientSideLoggerControllerTest on Nandus-Air.lan with PID 16371 (started by nandudharmapalan in /Users/nandudharmapalan/Documents/Spring/back-end-test-logging)
2020-08-14 05:25:17,503 DEBUG org.springframework.boot.StartupInfoLogger [main] Running with Spring Boot v2.3.2.RELEASE, Spring v5.2.8.RELEASE
2020-08-14 05:25:17,504 INFO org.springframework.boot.SpringApplication [main] No active profile set, falling back to default profiles: default
2020-08-14 05:25:22,090 INFO org.springframework.boot.StartupInfoLogger [main] Started ClientSideLoggerControllerTest in 5.539 seconds (JVM running for 7.667)
2020-08-14 05:25:22,829 INFO com.example.backendtestlogging.services.ClientSideLoggerServiceImpl [main] ABCD EFGH 2018-10-18T21:38:28+06:00 CLICK Properties{locationX=5, locationY=10, viewedId='null', pageFrom='null', pageTo='null'}
2020-08-14 05:25:22,851 INFO com.example.backendtestlogging.services.ClientSideLoggerServiceImpl [main] ABCD EFGH 2018-10-18T21:38:28+06:00 NAVIGATE Properties{locationX=5, locationY=10, viewedId='null', pageFrom='null', pageTo='null'}
2020-08-14 05:30:58,601 INFO org.springframework.boot.StartupInfoLogger [main] Starting ClientSideLoggerControllerTest on Nandus-Air.lan with PID 16402 (started by nandudharmapalan in /Users/nandudharmapalan/Documents/Spring/back-end-test-logging)
2020-08-14 05:30:58,604 DEBUG org.springframework.boot.StartupInfoLogger [main] Running with Spring Boot v2.3.2.RELEASE, Spring v5.2.8.RELEASE
2020-08-14 05:30:58,606 INFO org.springframework.boot.SpringApplication [main] No active profile set, falling back to default profiles: default
2020-08-14 05:31:03,258 INFO org.springframework.boot.StartupInfoLogger [main] Started ClientSideLoggerControllerTest in 5.57 seconds (JVM running for 7.922)
2020-08-14 05:31:04,018 WARN com.example.backendtestlogging.controllers.ClientSideLoggerController [main] userId missing from log body for sessionId EFGH
2020-08-14 05:41:13,536 INFO org.springframework.boot.StartupInfoLogger [main] Starting ClientSideLoggerControllerTest on Nandus-Air.lan with PID 16443 (started by nandudharmapalan in /Users/nandudharmapalan/Documents/Spring/back-end-test-logging)
2020-08-14 05:41:13,539 DEBUG org.springframework.boot.StartupInfoLogger [main] Running with Spring Boot v2.3.2.RELEASE, Spring v5.2.8.RELEASE
2020-08-14 05:41:13,541 INFO org.springframework.boot.SpringApplication [main] No active profile set, falling back to default profiles: default
2020-08-14 05:41:18,038 INFO org.springframework.boot.StartupInfoLogger [main] Started ClientSideLoggerControllerTest in 5.446 seconds (JVM running for 7.864)
2020-08-14 05:41:18,867 WARN com.example.backendtestlogging.controllers.ClientSideLoggerController [main] userId missing from log body for sessionId EFGH
2020-08-14 05:41:42,264 INFO org.springframework.boot.StartupInfoLogger [main] Starting ClientSideLoggerControllerTest on Nandus-Air.lan with PID 16449 (started by nandudharmapalan in /Users/nandudharmapalan/Documents/Spring/back-end-test-logging)
2020-08-14 05:41:42,267 DEBUG org.springframework.boot.StartupInfoLogger [main] Running with Spring Boot v2.3.2.RELEASE, Spring v5.2.8.RELEASE
2020-08-14 05:41:42,269 INFO org.springframework.boot.SpringApplication [main] No active profile set, falling back to default profiles: default
2020-08-14 05:41:46,955 INFO org.springframework.boot.StartupInfoLogger [main] Started ClientSideLoggerControllerTest in 5.54 seconds (JVM running for 7.913)
2020-08-14 05:41:47,731 WARN com.example.backendtestlogging.controllers.ClientSideLoggerController [main] userId missing from log body for sessionId EFGH
2020-08-14 05:42:05,035 INFO org.springframework.boot.StartupInfoLogger [main] Starting BackEndTestLoggingApplication on Nandus-Air.lan with PID 16457 (/Users/nandudharmapalan/Documents/Spring/back-end-test-logging/target/classes started by nandudharmapalan in /Users/nandudharmapalan/Documents/Spring/back-end-test-logging)
2020-08-14 05:42:05,038 DEBUG org.springframework.boot.StartupInfoLogger [main] Running with Spring Boot v2.3.2.RELEASE, Spring v5.2.8.RELEASE
2020-08-14 05:42:05,039 INFO org.springframework.boot.SpringApplication [main] No active profile set, falling back to default profiles: default
2020-08-14 05:42:08,431 INFO org.springframework.boot.StartupInfoLogger [main] Started BackEndTestLoggingApplication in 4.104 seconds (JVM running for 5.13)
2020-08-14 05:42:15,278 INFO com.example.backendtestlogging.services.ClientSideLoggerServiceImpl [http-nio-8080-exec-2] XYZ XYZ456ABC 2018-10-18T21:38:28+06:00 CLICK Properties{locationX=52, locationY=11, viewedId='null', pageFrom='null', pageTo='null'}
2020-08-14 05:42:15,297 INFO com.example.backendtestlogging.services.ClientSideLoggerServiceImpl [http-nio-8080-exec-2] XYZ XYZ456ABC 2018-10-18T21:39:30-06:00 VIEW Properties{locationX=null, locationY=null, viewedId='FDJKLHSLD', pageFrom='null', pageTo='null'}
2020-08-14 05:42:15,297 INFO com.example.backendtestlogging.services.ClientSideLoggerServiceImpl [http-nio-8080-exec-2] XYZ XYZ456ABC 2018-10-18T21:47:30-06:00 NAVIGATE Properties{locationX=null, locationY=null, viewedId='null', pageFrom='communities', pageTo='inventory'}
2020-08-14 05:45:12,905 INFO com.example.backendtestlogging.services.ClientSideLoggerServiceImpl [http-nio-8080-exec-5] XYZ XYZ456ABC 2018-10-18T21:38:28+06:00 CLICK Properties{locationX=52, locationY=11, viewedId='null', pageFrom='null', pageTo='null'}
2020-08-14 05:45:12,906 INFO com.example.backendtestlogging.services.ClientSideLoggerServiceImpl [http-nio-8080-exec-5] XYZ XYZ456ABC 2018-10-18T21:39:30-06:00 VIEW Properties{locationX=null, locationY=null, viewedId='FDJKLHSLD', pageFrom='null', pageTo='null'}
2020-08-14 05:45:12,907 INFO com.example.backendtestlogging.services.ClientSideLoggerServiceImpl [http-nio-8080-exec-5] XYZ XYZ456ABC 2018-10-18T21:47:30-06:00 NAVIGATE Properties{locationX=null, locationY=null, viewedId='null', pageFrom='communities', pageTo='inventory'}
