2020-08-13 00:00:59,397 INFO com.example.backendtestlogging.services.ClientSideLoggerServiceImpl [http-nio-8080-exec-7] userId: ABC123XYZ sessionId: XYZ456ABC actions: [Action{time='2018-10-18T21:37:28+06:00', type='CLICK', properties=Properties{locationX=52, locationY=11, viewedId='null', pageFrom='null', pageTo='null'}}, Action{time='2018-10-18T21:37:30-06:00', type='VIEW', properties=Properties{locationX=null, locationY=null, viewedId='FDJKLHSLD', pageFrom='null', pageTo='null'}}, Action{time='2018-10-18T21:37:30-06:00', type='NAVIGATE', properties=Properties{locationX=null, locationY=null, viewedId='null', pageFrom='communities', pageTo='inventory'}}]
2020-08-13 00:00:59,433 ERROR com.example.backendtestlogging.services.ClientSideLoggerServiceImpl [http-nio-8080-exec-7] working
2020-08-13 00:00:59,433 INFO com.example.backendtestlogging.services.ClientSideLoggerServiceImpl [http-nio-8080-exec-7] User{userId='ABC123XYZ', sessionId='XYZ456ABC', actions=[Action{time='2018-10-18T21:37:28+06:00', type='CLICK', properties=Properties{locationX=52, locationY=11, viewedId='null', pageFrom='null', pageTo='null'}}, Action{time='2018-10-18T21:37:30-06:00', type='VIEW', properties=Properties{locationX=null, locationY=null, viewedId='FDJKLHSLD', pageFrom='null', pageTo='null'}}, Action{time='2018-10-18T21:37:30-06:00', type='NAVIGATE', properties=Properties{locationX=null, locationY=null, viewedId='null', pageFrom='communities', pageTo='inventory'}}]}
2020-08-13 00:00:59,434 DEBUG com.example.backendtestlogging.services.ClientSideLoggerServiceImpl [http-nio-8080-exec-7] it is debug time : ofCourse
2020-08-13 00:06:19,302 INFO org.springframework.boot.StartupInfoLogger [main] Starting BackEndTestLoggingApplication on Nandus-Air.lan with PID 7454 (/Users/nandudharmapalan/Documents/Spring/back-end-test-logging/target/classes started by nandudharmapalan in /Users/nandudharmapalan/Documents/Spring/back-end-test-logging)
2020-08-13 00:06:19,305 DEBUG org.springframework.boot.StartupInfoLogger [main] Running with Spring Boot v2.3.2.RELEASE, Spring v5.2.8.RELEASE
2020-08-13 00:06:19,306 INFO org.springframework.boot.SpringApplication [main] No active profile set, falling back to default profiles: default
2020-08-13 00:06:22,112 INFO org.springframework.boot.StartupInfoLogger [main] Started BackEndTestLoggingApplication in 3.456 seconds (JVM running for 4.445)
2020-08-13 00:07:43,825 ERROR com.example.backendtestlogging.controllers.ClientSideLoggerController [http-nio-8080-exec-2] Invalid date format. Accepted formats yyyy-MM-dd'T'HH:mm:ss.SS:SX and yyyy-MM-dd'T'HH:mm:ss. Given fromDate GET 'client-log' fromdate: "2018-10-18T21:37:28 06:00"
2020-08-13 00:08:16,792 ERROR com.example.backendtestlogging.controllers.ClientSideLoggerController [http-nio-8080-exec-4] Invalid date format. Accepted formats yyyy-MM-dd'T'HH:mm:ss.SS:SX and yyyy-MM-dd'T'HH:mm:ss. Given fromDate GET 'client-log' fromdate: "2018-10-18T21:22:22"
2020-08-13 00:08:45,941 ERROR com.example.backendtestlogging.controllers.ClientSideLoggerController [http-nio-8080-exec-5] Invalid date format. Accepted formats yyyy-MM-dd'T'HH:mm:ss.SS:SX and yyyy-MM-dd'T'HH:mm:ss. Given fromDate GET 'client-log' fromdate: "2018-10-18T12:22:22"
2020-08-13 00:09:04,457 ERROR com.example.backendtestlogging.controllers.ClientSideLoggerController [http-nio-8080-exec-8] Invalid date format. Accepted formats yyyy-MM-dd'T'HH:mm:ss.SS:SX and yyyy-MM-dd'T'HH:mm:ss. Given fromDate GET 'client-log' fromdate: "2018-10-18T21:37:28 06:00"
2020-08-13 00:11:19,426 INFO org.springframework.boot.StartupInfoLogger [main] Starting BackEndTestLoggingApplication on Nandus-Air.lan with PID 7469 (/Users/nandudharmapalan/Documents/Spring/back-end-test-logging/target/classes started by nandudharmapalan in /Users/nandudharmapalan/Documents/Spring/back-end-test-logging)
2020-08-13 00:11:19,431 DEBUG org.springframework.boot.StartupInfoLogger [main] Running with Spring Boot v2.3.2.RELEASE, Spring v5.2.8.RELEASE
2020-08-13 00:11:19,432 INFO org.springframework.boot.SpringApplication [main] No active profile set, falling back to default profiles: default
2020-08-13 00:11:22,372 INFO org.springframework.boot.StartupInfoLogger [main] Started BackEndTestLoggingApplication in 3.766 seconds (JVM running for 4.789)
2020-08-13 00:12:28,972 INFO org.springframework.boot.StartupInfoLogger [main] Starting BackEndTestLoggingApplication on Nandus-Air.lan with PID 7478 (/Users/nandudharmapalan/Documents/Spring/back-end-test-logging/target/classes started by nandudharmapalan in /Users/nandudharmapalan/Documents/Spring/back-end-test-logging)
2020-08-13 00:12:28,976 DEBUG org.springframework.boot.StartupInfoLogger [main] Running with Spring Boot v2.3.2.RELEASE, Spring v5.2.8.RELEASE
2020-08-13 00:12:28,977 INFO org.springframework.boot.SpringApplication [main] No active profile set, falling back to default profiles: default
2020-08-13 00:12:31,525 INFO org.springframework.boot.StartupInfoLogger [main] Started BackEndTestLoggingApplication in 3.213 seconds (JVM running for 4.227)
2020-08-13 00:13:41,048 INFO org.springframework.boot.StartupInfoLogger [main] Starting BackEndTestLoggingApplication on Nandus-Air.lan with PID 7485 (/Users/nandudharmapalan/Documents/Spring/back-end-test-logging/target/classes started by nandudharmapalan in /Users/nandudharmapalan/Documents/Spring/back-end-test-logging)
2020-08-13 00:13:41,050 DEBUG org.springframework.boot.StartupInfoLogger [main] Running with Spring Boot v2.3.2.RELEASE, Spring v5.2.8.RELEASE
2020-08-13 00:13:41,051 INFO org.springframework.boot.SpringApplication [main] No active profile set, falling back to default profiles: default
2020-08-13 00:13:43,649 INFO org.springframework.boot.StartupInfoLogger [main] Started BackEndTestLoggingApplication in 3.269 seconds (JVM running for 4.396)
2020-08-13 00:19:19,901 INFO org.springframework.boot.StartupInfoLogger [main] Starting BackEndTestLoggingApplication on Nandus-Air.lan with PID 7519 (/Users/nandudharmapalan/Documents/Spring/back-end-test-logging/target/classes started by nandudharmapalan in /Users/nandudharmapalan/Documents/Spring/back-end-test-logging)
2020-08-13 00:19:19,904 DEBUG org.springframework.boot.StartupInfoLogger [main] Running with Spring Boot v2.3.2.RELEASE, Spring v5.2.8.RELEASE
2020-08-13 00:19:19,905 INFO org.springframework.boot.SpringApplication [main] No active profile set, falling back to default profiles: default
2020-08-13 00:19:22,536 INFO org.springframework.boot.StartupInfoLogger [main] Started BackEndTestLoggingApplication in 3.243 seconds (JVM running for 4.265)
2020-08-13 00:29:25,925 INFO org.springframework.boot.StartupInfoLogger [main] Starting BackEndTestLoggingApplication on Nandus-Air.lan with PID 7564 (/Users/nandudharmapalan/Documents/Spring/back-end-test-logging/target/classes started by nandudharmapalan in /Users/nandudharmapalan/Documents/Spring/back-end-test-logging)
2020-08-13 00:29:25,927 DEBUG org.springframework.boot.StartupInfoLogger [main] Running with Spring Boot v2.3.2.RELEASE, Spring v5.2.8.RELEASE
2020-08-13 00:29:25,928 INFO org.springframework.boot.SpringApplication [main] No active profile set, falling back to default profiles: default
2020-08-13 00:29:28,793 INFO org.springframework.boot.StartupInfoLogger [main] Started BackEndTestLoggingApplication in 3.596 seconds (JVM running for 4.606)
2020-08-13 00:30:31,254 INFO org.springframework.boot.StartupInfoLogger [main] Starting BackEndTestLoggingApplication on Nandus-Air.lan with PID 7574 (/Users/nandudharmapalan/Documents/Spring/back-end-test-logging/target/classes started by nandudharmapalan in /Users/nandudharmapalan/Documents/Spring/back-end-test-logging)
2020-08-13 00:30:31,258 DEBUG org.springframework.boot.StartupInfoLogger [main] Running with Spring Boot v2.3.2.RELEASE, Spring v5.2.8.RELEASE
2020-08-13 00:30:31,259 INFO org.springframework.boot.SpringApplication [main] No active profile set, falling back to default profiles: default
2020-08-13 00:30:33,958 INFO org.springframework.boot.StartupInfoLogger [main] Started BackEndTestLoggingApplication in 3.367 seconds (JVM running for 4.414)
2020-08-13 00:30:58,442 INFO org.springframework.boot.StartupInfoLogger [main] Starting BackEndTestLoggingApplication on Nandus-Air.lan with PID 7578 (/Users/nandudharmapalan/Documents/Spring/back-end-test-logging/target/classes started by nandudharmapalan in /Users/nandudharmapalan/Documents/Spring/back-end-test-logging)
2020-08-13 00:30:58,445 DEBUG org.springframework.boot.StartupInfoLogger [main] Running with Spring Boot v2.3.2.RELEASE, Spring v5.2.8.RELEASE
2020-08-13 00:30:58,446 INFO org.springframework.boot.SpringApplication [main] No active profile set, falling back to default profiles: default
2020-08-13 00:31:00,911 INFO org.springframework.boot.StartupInfoLogger [main] Started BackEndTestLoggingApplication in 3.146 seconds (JVM running for 4.095)
2020-08-13 00:52:18,031 INFO org.springframework.boot.StartupInfoLogger [main] Starting BackEndTestLoggingApplication on Nandus-Air.lan with PID 7646 (/Users/nandudharmapalan/Documents/Spring/back-end-test-logging/target/classes started by nandudharmapalan in /Users/nandudharmapalan/Documents/Spring/back-end-test-logging)
2020-08-13 00:52:18,035 DEBUG org.springframework.boot.StartupInfoLogger [main] Running with Spring Boot v2.3.2.RELEASE, Spring v5.2.8.RELEASE
2020-08-13 00:52:18,036 INFO org.springframework.boot.SpringApplication [main] No active profile set, falling back to default profiles: default
2020-08-13 00:52:20,662 INFO org.springframework.boot.StartupInfoLogger [main] Started BackEndTestLoggingApplication in 3.326 seconds (JVM running for 4.322)
2020-08-13 00:52:36,887 INFO com.example.backendtestlogging.controllers.ClientSideLoggerController [http-nio-8080-exec-1] userId: ABC123XYZ sessionId: XYZ456ABC actions: [Action{time='2018-10-18T21:37:28+06:00', type='CLICK', properties=Properties{locationX=52, locationY=11, viewedId='null', pageFrom='null', pageTo='null'}}, Action{time='2018-10-18T21:37:30-06:00', type='VIEW', properties=Properties{locationX=null, locationY=null, viewedId='FDJKLHSLD', pageFrom='null', pageTo='null'}}, Action{time='2018-10-18T21:37:30-06:00', type='NAVIGATE', properties=Properties{locationX=null, locationY=null, viewedId='null', pageFrom='communities', pageTo='inventory'}}]
2020-08-13 00:53:26,529 INFO com.example.backendtestlogging.controllers.ClientSideLoggerController [http-nio-8080-exec-3] userId: NewABC123XYZ sessionId: XYZ456ABC actions: [Action{time='2018-10-18T21:37:28+06:00', type='CLICK', properties=Properties{locationX=52, locationY=11, viewedId='null', pageFrom='null', pageTo='null'}}, Action{time='2018-10-18T21:37:30-06:00', type='VIEW', properties=Properties{locationX=null, locationY=null, viewedId='FDJKLHSLD', pageFrom='null', pageTo='null'}}, Action{time='2018-10-18T21:37:30-06:00', type='NAVIGATE', properties=Properties{locationX=null, locationY=null, viewedId='null', pageFrom='communities', pageTo='inventory'}}]
2020-08-13 00:54:22,415 INFO org.springframework.boot.StartupInfoLogger [main] Starting BackEndTestLoggingApplication on Nandus-Air.lan with PID 7654 (/Users/nandudharmapalan/Documents/Spring/back-end-test-logging/target/classes started by nandudharmapalan in /Users/nandudharmapalan/Documents/Spring/back-end-test-logging)
2020-08-13 00:54:22,418 DEBUG org.springframework.boot.StartupInfoLogger [main] Running with Spring Boot v2.3.2.RELEASE, Spring v5.2.8.RELEASE
2020-08-13 00:54:22,418 INFO org.springframework.boot.SpringApplication [main] No active profile set, falling back to default profiles: default
2020-08-13 00:54:24,978 INFO org.springframework.boot.StartupInfoLogger [main] Started BackEndTestLoggingApplication in 3.149 seconds (JVM running for 4.175)
2020-08-13 00:54:34,080 INFO com.example.backendtestlogging.controllers.ClientSideLoggerController [http-nio-8080-exec-2] userId: NewABC123XYZ sessionId: XYZ456ABC actions: [Action{time='2018-10-18T21:37:28+06:00', type='CLICK', properties=Properties{locationX=52, locationY=11, viewedId='null', pageFrom='null', pageTo='null'}}, Action{time='2018-10-18T21:37:30-06:00', type='VIEW', properties=Properties{locationX=null, locationY=null, viewedId='FDJKLHSLD', pageFrom='null', pageTo='null'}}, Action{time='2018-10-18T21:37:30-06:00', type='NAVIGATE', properties=Properties{locationX=null, locationY=null, viewedId='null', pageFrom='communities', pageTo='inventory'}}]
2020-08-13 00:55:06,884 INFO com.example.backendtestlogging.controllers.ClientSideLoggerController [http-nio-8080-exec-3] userId: NewABC123XYZ sessionId: XYZ456ABC actions: [Action{time='2018-10-18T21:37:28+06:00', type='CLICK', properties=Properties{locationX=52, locationY=11, viewedId='null', pageFrom='null', pageTo='null'}}, Action{time='2018-10-18T21:37:30-06:00', type='VIEW', properties=Properties{locationX=null, locationY=null, viewedId='FDJKLHSLD', pageFrom='null', pageTo='null'}}, Action{time='2018-10-18T21:37:30-06:00', type='NAVIGATE', properties=Properties{locationX=null, locationY=null, viewedId='null', pageFrom='communities', pageTo='inventory'}}]
2020-08-13 00:58:32,088 INFO org.springframework.boot.StartupInfoLogger [main] Starting BackEndTestLoggingApplication on Nandus-Air.lan with PID 7677 (/Users/nandudharmapalan/Documents/Spring/back-end-test-logging/target/classes started by nandudharmapalan in /Users/nandudharmapalan/Documents/Spring/back-end-test-logging)
2020-08-13 00:58:32,092 DEBUG org.springframework.boot.StartupInfoLogger [main] Running with Spring Boot v2.3.2.RELEASE, Spring v5.2.8.RELEASE
2020-08-13 00:58:32,094 INFO org.springframework.boot.SpringApplication [main] No active profile set, falling back to default profiles: default
2020-08-13 00:58:34,706 INFO org.springframework.boot.StartupInfoLogger [main] Started BackEndTestLoggingApplication in 3.205 seconds (JVM running for 4.214)
2020-08-13 00:58:46,685 INFO com.example.backendtestlogging.controllers.ClientSideLoggerController [http-nio-8080-exec-1] userId: ABC123XYZ sessionId: XYZ456ABC actions: [Action{time='2018-10-18T21:37:28+06:00', type='CLICK', properties=Properties{locationX=52, locationY=11, viewedId='null', pageFrom='null', pageTo='null'}}, Action{time='2018-10-18T21:37:30-06:00', type='VIEW', properties=Properties{locationX=null, locationY=null, viewedId='FDJKLHSLD', pageFrom='null', pageTo='null'}}, Action{time='2018-10-18T21:37:30-06:00', type='NAVIGATE', properties=Properties{locationX=null, locationY=null, viewedId='null', pageFrom='communities', pageTo='inventory'}}]
2020-08-13 00:59:29,242 INFO org.springframework.boot.StartupInfoLogger [main] Starting BackEndTestLoggingApplication on Nandus-Air.lan with PID 7684 (/Users/nandudharmapalan/Documents/Spring/back-end-test-logging/target/classes started by nandudharmapalan in /Users/nandudharmapalan/Documents/Spring/back-end-test-logging)
2020-08-13 00:59:29,245 DEBUG org.springframework.boot.StartupInfoLogger [main] Running with Spring Boot v2.3.2.RELEASE, Spring v5.2.8.RELEASE
2020-08-13 00:59:29,246 INFO org.springframework.boot.SpringApplication [main] No active profile set, falling back to default profiles: default
2020-08-13 00:59:31,811 INFO org.springframework.boot.StartupInfoLogger [main] Started BackEndTestLoggingApplication in 3.219 seconds (JVM running for 4.33)
2020-08-13 00:59:40,046 INFO com.example.backendtestlogging.controllers.ClientSideLoggerController [http-nio-8080-exec-2] userId: ABC123XYZ sessionId: XYZ456ABC actions: [Action{time='2018-10-18T21:37:28+06:00', type='CLICK', properties=Properties{locationX=52, locationY=11, viewedId='null', pageFrom='null', pageTo='null'}}, Action{time='2018-10-18T21:37:30-06:00', type='VIEW', properties=Properties{locationX=null, locationY=null, viewedId='FDJKLHSLD', pageFrom='null', pageTo='null'}}, Action{time='2018-10-18T21:37:30-06:00', type='NAVIGATE', properties=Properties{locationX=null, locationY=null, viewedId='null', pageFrom='communities', pageTo='inventory'}}]
2020-08-13 01:03:34,012 INFO org.springframework.boot.StartupInfoLogger [main] Starting BackEndTestLoggingApplication on Nandus-Air.lan with PID 7711 (/Users/nandudharmapalan/Documents/Spring/back-end-test-logging/target/classes started by nandudharmapalan in /Users/nandudharmapalan/Documents/Spring/back-end-test-logging)
2020-08-13 01:03:34,015 DEBUG org.springframework.boot.StartupInfoLogger [main] Running with Spring Boot v2.3.2.RELEASE, Spring v5.2.8.RELEASE
2020-08-13 01:03:34,016 INFO org.springframework.boot.SpringApplication [main] No active profile set, falling back to default profiles: default
2020-08-13 01:03:36,848 INFO org.springframework.boot.StartupInfoLogger [main] Started BackEndTestLoggingApplication in 3.451 seconds (JVM running for 4.353)
2020-08-13 01:03:44,679 INFO com.example.backendtestlogging.controllers.ClientSideLoggerController [http-nio-8080-exec-1] userId: ABC123XYZ sessionId: XYZ456ABC actions: [Action{time='2018-10-18T21:37:28+06:00', type='CLICK', properties=Properties{locationX=52, locationY=11, viewedId='null', pageFrom='null', pageTo='null'}}, Action{time='2018-10-18T21:37:30-06:00', type='VIEW', properties=Properties{locationX=null, locationY=null, viewedId='FDJKLHSLD', pageFrom='null', pageTo='null'}}, Action{time='2018-10-18T21:37:30-06:00', type='NAVIGATE', properties=Properties{locationX=null, locationY=null, viewedId='null', pageFrom='communities', pageTo='inventory'}}]
2020-08-13 01:04:05,598 INFO com.example.backendtestlogging.controllers.ClientSideLoggerController [http-nio-8080-exec-3] userId: ABC123XYZ sessionId: XYZ456ABC actions: [Action{time='2018-10-18T21:37:28+06:00', type='CLICK', properties=Properties{locationX=52, locationY=11, viewedId='null', pageFrom='null', pageTo='null'}}, Action{time='2018-10-18T21:37:30-06:00', type='VIEW', properties=Properties{locationX=null, locationY=null, viewedId='FDJKLHSLD', pageFrom='null', pageTo='null'}}, Action{time='2018-10-18T21:37:30-06:00', type='NAVIGATE', properties=Properties{locationX=null, locationY=null, viewedId='null', pageFrom='communities', pageTo='inventory'}}]
2020-08-13 01:05:43,799 INFO org.springframework.boot.StartupInfoLogger [main] Starting BackEndTestLoggingApplication on Nandus-Air.lan with PID 7727 (/Users/nandudharmapalan/Documents/Spring/back-end-test-logging/target/classes started by nandudharmapalan in /Users/nandudharmapalan/Documents/Spring/back-end-test-logging)
2020-08-13 01:05:43,808 DEBUG org.springframework.boot.StartupInfoLogger [main] Running with Spring Boot v2.3.2.RELEASE, Spring v5.2.8.RELEASE
2020-08-13 01:05:43,809 INFO org.springframework.boot.SpringApplication [main] No active profile set, falling back to default profiles: default
2020-08-13 01:05:48,563 INFO org.springframework.boot.StartupInfoLogger [main] Started BackEndTestLoggingApplication in 5.635 seconds (JVM running for 6.931)
2020-08-13 01:05:57,256 INFO com.example.backendtestlogging.controllers.ClientSideLoggerController [http-nio-8080-exec-1] userId: ABC123XYZ sessionId: XYZ456ABC actions: [Action{time='2018-10-18T21:37:28+06:00', type='CLICK', properties=Properties{locationX=52, locationY=11, viewedId='null', pageFrom='null', pageTo='null'}}, Action{time='2018-10-18T21:37:30-06:00', type='VIEW', properties=Properties{locationX=null, locationY=null, viewedId='FDJKLHSLD', pageFrom='null', pageTo='null'}}, Action{time='2018-10-18T21:37:30-06:00', type='NAVIGATE', properties=Properties{locationX=null, locationY=null, viewedId='null', pageFrom='communities', pageTo='inventory'}}]
2020-08-13 01:30:12,581 INFO org.springframework.boot.StartupInfoLogger [main] Starting BackEndTestLoggingApplication on Nandus-Air.lan with PID 7813 (/Users/nandudharmapalan/Documents/Spring/back-end-test-logging/target/classes started by nandudharmapalan in /Users/nandudharmapalan/Documents/Spring/back-end-test-logging)
2020-08-13 01:30:12,585 DEBUG org.springframework.boot.StartupInfoLogger [main] Running with Spring Boot v2.3.2.RELEASE, Spring v5.2.8.RELEASE
2020-08-13 01:30:12,588 INFO org.springframework.boot.SpringApplication [main] No active profile set, falling back to default profiles: default
2020-08-13 01:30:15,238 INFO org.springframework.boot.StartupInfoLogger [main] Started BackEndTestLoggingApplication in 3.424 seconds (JVM running for 4.43)
2020-08-13 01:31:22,009 INFO org.springframework.boot.StartupInfoLogger [main] Starting BackEndTestLoggingApplication on Nandus-Air.lan with PID 7818 (/Users/nandudharmapalan/Documents/Spring/back-end-test-logging/target/classes started by nandudharmapalan in /Users/nandudharmapalan/Documents/Spring/back-end-test-logging)
2020-08-13 01:31:22,012 DEBUG org.springframework.boot.StartupInfoLogger [main] Running with Spring Boot v2.3.2.RELEASE, Spring v5.2.8.RELEASE
2020-08-13 01:31:22,014 INFO org.springframework.boot.SpringApplication [main] No active profile set, falling back to default profiles: default
2020-08-13 01:31:24,579 INFO org.springframework.boot.StartupInfoLogger [main] Started BackEndTestLoggingApplication in 3.104 seconds (JVM running for 4.056)
2020-08-13 01:31:33,937 INFO com.example.backendtestlogging.controllers.ClientSideLoggerController [http-nio-8080-exec-2] userId: ABC sessionId: XYZ456ABC actions: [Action{time='2018-10-18T21:37:28+06:00', type='CLICK', properties=Properties{locationX=52, locationY=11, viewedId='null', pageFrom='null', pageTo='null'}}, Action{time='2018-10-18T21:37:30-06:00', type='VIEW', properties=Properties{locationX=null, locationY=null, viewedId='FDJKLHSLD', pageFrom='null', pageTo='null'}}, Action{time='2018-10-18T21:37:30-06:00', type='NAVIGATE', properties=Properties{locationX=null, locationY=null, viewedId='null', pageFrom='communities', pageTo='inventory'}}]
2020-08-13 01:34:10,061 INFO org.springframework.boot.StartupInfoLogger [main] Starting BackEndTestLoggingApplication on Nandus-Air.lan with PID 7827 (/Users/nandudharmapalan/Documents/Spring/back-end-test-logging/target/classes started by nandudharmapalan in /Users/nandudharmapalan/Documents/Spring/back-end-test-logging)
2020-08-13 01:34:10,064 DEBUG org.springframework.boot.StartupInfoLogger [main] Running with Spring Boot v2.3.2.RELEASE, Spring v5.2.8.RELEASE
2020-08-13 01:34:10,065 INFO org.springframework.boot.SpringApplication [main] No active profile set, falling back to default profiles: default
2020-08-13 01:34:12,670 INFO org.springframework.boot.StartupInfoLogger [main] Started BackEndTestLoggingApplication in 3.163 seconds (JVM running for 4.09)
2020-08-13 01:34:22,606 INFO com.example.backendtestlogging.repository.ClientSideUserLogDALImpl [http-nio-8080-exec-1] userLogs: []
2020-08-13 01:34:28,333 INFO com.example.backendtestlogging.repository.ClientSideUserLogDALImpl [http-nio-8080-exec-3] userLogs: [User{userId='ABC', sessionId='XYZ456ABC', actions=[Action{time='2018-10-18T21:37:28+06:00', type='CLICK', properties=Properties{locationX=52, locationY=11, viewedId='null', pageFrom='null', pageTo='null'}}, Action{time='2018-10-18T21:37:30-06:00', type='VIEW', properties=Properties{locationX=null, locationY=null, viewedId='FDJKLHSLD', pageFrom='null', pageTo='null'}}, Action{time='2018-10-18T21:37:30-06:00', type='NAVIGATE', properties=Properties{locationX=null, locationY=null, viewedId='null', pageFrom='communities', pageTo='inventory'}}]}]
2020-08-13 01:34:54,184 INFO com.example.backendtestlogging.repository.ClientSideUserLogDALImpl [http-nio-8080-exec-4] userLogs: [User{userId='ABC', sessionId='XYZ456ABC', actions=[Action{time='2018-10-18T21:37:28+06:00', type='CLICK', properties=Properties{locationX=52, locationY=11, viewedId='null', pageFrom='null', pageTo='null'}}, Action{time='2018-10-18T21:37:30-06:00', type='VIEW', properties=Properties{locationX=null, locationY=null, viewedId='FDJKLHSLD', pageFrom='null', pageTo='null'}}, Action{time='2018-10-18T21:37:30-06:00', type='NAVIGATE', properties=Properties{locationX=null, locationY=null, viewedId='null', pageFrom='communities', pageTo='inventory'}}]}]
2020-08-13 01:35:55,495 INFO com.example.backendtestlogging.repository.ClientSideUserLogDALImpl [http-nio-8080-exec-6] userLogs: []
2020-08-13 01:44:55,387 INFO org.springframework.boot.StartupInfoLogger [main] Starting BackEndTestLoggingApplication on Nandus-Air.lan with PID 7868 (/Users/nandudharmapalan/Documents/Spring/back-end-test-logging/target/classes started by nandudharmapalan in /Users/nandudharmapalan/Documents/Spring/back-end-test-logging)
2020-08-13 01:44:55,390 DEBUG org.springframework.boot.StartupInfoLogger [main] Running with Spring Boot v2.3.2.RELEASE, Spring v5.2.8.RELEASE
2020-08-13 01:44:55,391 INFO org.springframework.boot.SpringApplication [main] No active profile set, falling back to default profiles: default
2020-08-13 01:44:58,706 INFO org.springframework.boot.StartupInfoLogger [main] Started BackEndTestLoggingApplication in 3.914 seconds (JVM running for 5.245)
2020-08-13 01:46:01,127 INFO org.springframework.boot.StartupInfoLogger [main] Starting BackEndTestLoggingApplication on Nandus-Air.lan with PID 7874 (/Users/nandudharmapalan/Documents/Spring/back-end-test-logging/target/classes started by nandudharmapalan in /Users/nandudharmapalan/Documents/Spring/back-end-test-logging)
2020-08-13 01:46:01,130 DEBUG org.springframework.boot.StartupInfoLogger [main] Running with Spring Boot v2.3.2.RELEASE, Spring v5.2.8.RELEASE
2020-08-13 01:46:01,131 INFO org.springframework.boot.SpringApplication [main] No active profile set, falling back to default profiles: default
2020-08-13 01:46:03,733 INFO org.springframework.boot.StartupInfoLogger [main] Started BackEndTestLoggingApplication in 3.162 seconds (JVM running for 4.054)
2020-08-13 01:47:05,181 INFO org.springframework.boot.StartupInfoLogger [main] Starting BackEndTestLoggingApplication on Nandus-Air.lan with PID 7880 (/Users/nandudharmapalan/Documents/Spring/back-end-test-logging/target/classes started by nandudharmapalan in /Users/nandudharmapalan/Documents/Spring/back-end-test-logging)
2020-08-13 01:47:05,184 DEBUG org.springframework.boot.StartupInfoLogger [main] Running with Spring Boot v2.3.2.RELEASE, Spring v5.2.8.RELEASE
2020-08-13 01:47:05,185 INFO org.springframework.boot.SpringApplication [main] No active profile set, falling back to default profiles: default
2020-08-13 01:47:07,728 INFO org.springframework.boot.StartupInfoLogger [main] Started BackEndTestLoggingApplication in 3.112 seconds (JVM running for 4.017)
2020-08-13 01:47:13,686 INFO com.example.backendtestlogging.controllers.ClientSideLoggerController [http-nio-8080-exec-1] New date time for toDate 2020-08-13T01:47:13
2020-08-13 01:47:13,816 INFO com.example.backendtestlogging.repository.ClientSideUserLogDALImpl [http-nio-8080-exec-1] userLogs: [User{userId='ABC', sessionId='XYZ456ABC', actions=[Action{time='2018-10-18T21:37:28+06:00', type='CLICK', properties=Properties{locationX=52, locationY=11, viewedId='null', pageFrom='null', pageTo='null'}}, Action{time='2018-10-18T21:37:30-06:00', type='VIEW', properties=Properties{locationX=null, locationY=null, viewedId='FDJKLHSLD', pageFrom='null', pageTo='null'}}, Action{time='2018-10-18T21:37:30-06:00', type='NAVIGATE', properties=Properties{locationX=null, locationY=null, viewedId='null', pageFrom='communities', pageTo='inventory'}}]}]
2020-08-13 01:57:15,910 INFO org.springframework.boot.StartupInfoLogger [main] Starting BackEndTestLoggingApplication on Nandus-Air.lan with PID 7906 (/Users/nandudharmapalan/Documents/Spring/back-end-test-logging/target/classes started by nandudharmapalan in /Users/nandudharmapalan/Documents/Spring/back-end-test-logging)
2020-08-13 01:57:15,913 DEBUG org.springframework.boot.StartupInfoLogger [main] Running with Spring Boot v2.3.2.RELEASE, Spring v5.2.8.RELEASE
2020-08-13 01:57:15,914 INFO org.springframework.boot.SpringApplication [main] No active profile set, falling back to default profiles: default
2020-08-13 01:57:18,636 INFO org.springframework.boot.StartupInfoLogger [main] Started BackEndTestLoggingApplication in 3.314 seconds (JVM running for 4.297)
2020-08-13 01:57:27,985 INFO com.example.backendtestlogging.controllers.ClientSideLoggerController [http-nio-8080-exec-2] New date time for toDate 2020-08-13T01:57:27+00:00
2020-08-13 01:58:09,380 INFO org.springframework.boot.StartupInfoLogger [main] Starting BackEndTestLoggingApplication on Nandus-Air.lan with PID 7914 (/Users/nandudharmapalan/Documents/Spring/back-end-test-logging/target/classes started by nandudharmapalan in /Users/nandudharmapalan/Documents/Spring/back-end-test-logging)
2020-08-13 01:58:09,383 DEBUG org.springframework.boot.StartupInfoLogger [main] Running with Spring Boot v2.3.2.RELEASE, Spring v5.2.8.RELEASE
2020-08-13 01:58:09,384 INFO org.springframework.boot.SpringApplication [main] No active profile set, falling back to default profiles: default
2020-08-13 01:58:11,948 INFO org.springframework.boot.StartupInfoLogger [main] Started BackEndTestLoggingApplication in 3.164 seconds (JVM running for 4.138)
2020-08-13 01:58:18,768 INFO com.example.backendtestlogging.controllers.ClientSideLoggerController [http-nio-8080-exec-1] New date time for toDate 2020-08-13T01:58:18+00:00
2020-08-13 02:03:08,507 INFO org.springframework.boot.StartupInfoLogger [main] Starting BackEndTestLoggingApplication on Nandus-Air.lan with PID 7949 (/Users/nandudharmapalan/Documents/Spring/back-end-test-logging/target/classes started by nandudharmapalan in /Users/nandudharmapalan/Documents/Spring/back-end-test-logging)
2020-08-13 02:03:08,511 DEBUG org.springframework.boot.StartupInfoLogger [main] Running with Spring Boot v2.3.2.RELEASE, Spring v5.2.8.RELEASE
2020-08-13 02:03:08,515 INFO org.springframework.boot.SpringApplication [main] No active profile set, falling back to default profiles: default
2020-08-13 02:03:11,343 INFO org.springframework.boot.StartupInfoLogger [main] Started BackEndTestLoggingApplication in 3.607 seconds (JVM running for 4.553)
2020-08-13 02:03:17,555 INFO com.example.backendtestlogging.controllers.ClientSideLoggerController [http-nio-8080-exec-1] New date time for toDate 2020-08-13T02:03:17+00:00
2020-08-13 02:03:32,194 INFO com.example.backendtestlogging.controllers.ClientSideLoggerController [http-nio-8080-exec-3] New date time for toDate 2020-08-13T02:03:32+00:00
2020-08-13 02:04:21,137 INFO com.example.backendtestlogging.controllers.ClientSideLoggerController [http-nio-8080-exec-4] userId: ABC123XYZ sessionId: XYZ456ABC actions: [Action{time='2018-10-18T21:38:28+06:00', type='CLICK', properties=Properties{locationX=52, locationY=11, viewedId='null', pageFrom='null', pageTo='null'}}, Action{time='2018-10-18T21:39:30-06:00', type='VIEW', properties=Properties{locationX=null, locationY=null, viewedId='FDJKLHSLD', pageFrom='null', pageTo='null'}}, Action{time='2018-10-18T21:47:30-06:00', type='NAVIGATE', properties=Properties{locationX=null, locationY=null, viewedId='null', pageFrom='communities', pageTo='inventory'}}]
2020-08-13 02:04:34,595 INFO com.example.backendtestlogging.controllers.ClientSideLoggerController [http-nio-8080-exec-5] New date time for toDate 2020-08-13T02:04:34+00:00
2020-08-13 02:13:20,367 INFO org.springframework.boot.StartupInfoLogger [main] Starting BackEndTestLoggingApplication on Nandus-Air.lan with PID 7965 (/Users/nandudharmapalan/Documents/Spring/back-end-test-logging/target/classes started by nandudharmapalan in /Users/nandudharmapalan/Documents/Spring/back-end-test-logging)
2020-08-13 02:13:20,375 DEBUG org.springframework.boot.StartupInfoLogger [main] Running with Spring Boot v2.3.2.RELEASE, Spring v5.2.8.RELEASE
2020-08-13 02:13:20,377 INFO org.springframework.boot.SpringApplication [main] No active profile set, falling back to default profiles: default
2020-08-13 02:13:23,659 INFO org.springframework.boot.StartupInfoLogger [main] Started BackEndTestLoggingApplication in 3.929 seconds (JVM running for 5.062)
2020-08-13 02:31:52,740 INFO org.springframework.boot.StartupInfoLogger [main] Starting BackEndTestLoggingApplication on Nandus-Air.lan with PID 8014 (/Users/nandudharmapalan/Documents/Spring/back-end-test-logging/target/classes started by nandudharmapalan in /Users/nandudharmapalan/Documents/Spring/back-end-test-logging)
2020-08-13 02:31:52,742 DEBUG org.springframework.boot.StartupInfoLogger [main] Running with Spring Boot v2.3.2.RELEASE, Spring v5.2.8.RELEASE
2020-08-13 02:31:52,745 INFO org.springframework.boot.SpringApplication [main] No active profile set, falling back to default profiles: default
2020-08-13 02:31:55,483 INFO org.springframework.boot.StartupInfoLogger [main] Started BackEndTestLoggingApplication in 3.304 seconds (JVM running for 4.21)
2020-08-13 02:33:52,575 INFO com.example.backendtestlogging.controllers.ClientSideLoggerController [http-nio-8080-exec-2] New date time for toDate 2020-08-13T02:33:52+00:00
2020-08-13 02:34:14,606 INFO com.example.backendtestlogging.controllers.ClientSideLoggerController [http-nio-8080-exec-3] New date time for toDate 2020-08-13T02:34:14+00:00
2020-08-13 02:34:27,609 INFO com.example.backendtestlogging.controllers.ClientSideLoggerController [http-nio-8080-exec-4] New date time for toDate 2020-08-13T02:34:27+00:00
2020-08-13 02:35:30,169 INFO org.springframework.boot.StartupInfoLogger [main] Starting BackEndTestLoggingApplication on Nandus-Air.lan with PID 8038 (/Users/nandudharmapalan/Documents/Spring/back-end-test-logging/target/classes started by nandudharmapalan in /Users/nandudharmapalan/Documents/Spring/back-end-test-logging)
2020-08-13 02:35:30,174 DEBUG org.springframework.boot.StartupInfoLogger [main] Running with Spring Boot v2.3.2.RELEASE, Spring v5.2.8.RELEASE
2020-08-13 02:35:30,175 INFO org.springframework.boot.SpringApplication [main] No active profile set, falling back to default profiles: default
2020-08-13 02:35:32,977 INFO org.springframework.boot.StartupInfoLogger [main] Started BackEndTestLoggingApplication in 3.501 seconds (JVM running for 4.525)
2020-08-13 02:36:51,603 INFO org.springframework.boot.StartupInfoLogger [main] Starting BackEndTestLoggingApplication on Nandus-Air.lan with PID 8044 (/Users/nandudharmapalan/Documents/Spring/back-end-test-logging/target/classes started by nandudharmapalan in /Users/nandudharmapalan/Documents/Spring/back-end-test-logging)
2020-08-13 02:36:51,606 DEBUG org.springframework.boot.StartupInfoLogger [main] Running with Spring Boot v2.3.2.RELEASE, Spring v5.2.8.RELEASE
2020-08-13 02:36:51,607 INFO org.springframework.boot.SpringApplication [main] No active profile set, falling back to default profiles: default
2020-08-13 02:36:53,940 INFO org.springframework.boot.StartupInfoLogger [main] Started BackEndTestLoggingApplication in 2.91 seconds (JVM running for 3.85)
2020-08-13 02:39:21,132 INFO org.springframework.boot.StartupInfoLogger [main] Starting BackEndTestLoggingApplication on Nandus-Air.lan with PID 8054 (/Users/nandudharmapalan/Documents/Spring/back-end-test-logging/target/classes started by nandudharmapalan in /Users/nandudharmapalan/Documents/Spring/back-end-test-logging)
2020-08-13 02:39:21,134 DEBUG org.springframework.boot.StartupInfoLogger [main] Running with Spring Boot v2.3.2.RELEASE, Spring v5.2.8.RELEASE
2020-08-13 02:39:21,135 INFO org.springframework.boot.SpringApplication [main] No active profile set, falling back to default profiles: default
2020-08-13 02:39:23,992 INFO org.springframework.boot.StartupInfoLogger [main] Started BackEndTestLoggingApplication in 3.511 seconds (JVM running for 4.537)
2020-08-13 02:40:14,966 INFO org.springframework.boot.StartupInfoLogger [main] Starting BackEndTestLoggingApplication on Nandus-Air.lan with PID 8061 (/Users/nandudharmapalan/Documents/Spring/back-end-test-logging/target/classes started by nandudharmapalan in /Users/nandudharmapalan/Documents/Spring/back-end-test-logging)
2020-08-13 02:40:14,969 DEBUG org.springframework.boot.StartupInfoLogger [main] Running with Spring Boot v2.3.2.RELEASE, Spring v5.2.8.RELEASE
2020-08-13 02:40:14,970 INFO org.springframework.boot.SpringApplication [main] No active profile set, falling back to default profiles: default
2020-08-13 02:40:17,560 INFO org.springframework.boot.StartupInfoLogger [main] Started BackEndTestLoggingApplication in 3.244 seconds (JVM running for 4.478)
