2020-08-12 21:31:12,224 INFO org.springframework.boot.StartupInfoLogger [main] Starting BackEndTestLoggingApplication on Nandus-Air.lan with PID 6812 (/Users/nandudharmapalan/Documents/Spring/back-end-test-logging/target/classes started by nandudharmapalan in /Users/nandudharmapalan/Documents/Spring/back-end-test-logging)
2020-08-12 21:31:12,229 DEBUG org.springframework.boot.StartupInfoLogger [main] Running with Spring Boot v2.3.2.RELEASE, Spring v5.2.8.RELEASE
2020-08-12 21:31:12,230 INFO org.springframework.boot.SpringApplication [main] No active profile set, falling back to default profiles: default
2020-08-12 21:31:15,692 INFO org.springframework.boot.StartupInfoLogger [main] Started BackEndTestLoggingApplication in 4.217 seconds (JVM running for 6.238)
2020-08-12 21:32:08,259 ERROR com.example.backendtestlogging.controllers.ClientSideLoggerController [http-nio-8080-exec-2] working
2020-08-12 21:32:08,290 INFO com.example.backendtestlogging.controllers.ClientSideLoggerController [http-nio-8080-exec-2] User{userId='ABC123XYZ', sessionId='XYZ456ABC', actions=[Action{time='2018-10-18T21:37:28-06:00', type='CLICK', properties=Properties{locationX=52, locationY=11, viewedId='null', pageFrom='null', pageTo='null'}}, Action{time='2018-10-18T21:37:30-06:00', type='VIEW', properties=Properties{locationX=null, locationY=null, viewedId='FDJKLHSLD', pageFrom='null', pageTo='null'}}, Action{time='2018-10-18T21:37:30-06:00', type='NAVIGATE', properties=Properties{locationX=null, locationY=null, viewedId='null', pageFrom='communities', pageTo='inventory'}}]}
2020-08-12 21:32:08,290 DEBUG com.example.backendtestlogging.controllers.ClientSideLoggerController [http-nio-8080-exec-2] it is debug time : ofCourse
2020-08-12 22:08:01,117 INFO org.springframework.boot.StartupInfoLogger [main] Starting BackEndTestLoggingApplication on Nandus-Air.lan with PID 6938 (/Users/nandudharmapalan/Documents/Spring/back-end-test-logging/target/classes started by nandudharmapalan in /Users/nandudharmapalan/Documents/Spring/back-end-test-logging)
2020-08-12 22:08:01,120 DEBUG org.springframework.boot.StartupInfoLogger [main] Running with Spring Boot v2.3.2.RELEASE, Spring v5.2.8.RELEASE
2020-08-12 22:08:01,121 INFO org.springframework.boot.SpringApplication [main] No active profile set, falling back to default profiles: default
2020-08-12 22:08:03,773 INFO org.springframework.boot.StartupInfoLogger [main] Started BackEndTestLoggingApplication in 3.342 seconds (JVM running for 4.48)
2020-08-12 22:08:27,321 WARN com.example.backendtestlogging.controllers.ClientSideLoggerController [http-nio-8080-exec-4] userId missing from log body for sessionId XYZ456ABC
2020-08-12 22:08:36,151 WARN com.example.backendtestlogging.controllers.ClientSideLoggerController [http-nio-8080-exec-5] sessionId missing from log body for userId ABC123XYZ
2020-08-12 22:10:24,515 INFO org.springframework.boot.StartupInfoLogger [main] Starting BackEndTestLoggingApplication on Nandus-Air.lan with PID 6946 (/Users/nandudharmapalan/Documents/Spring/back-end-test-logging/target/classes started by nandudharmapalan in /Users/nandudharmapalan/Documents/Spring/back-end-test-logging)
2020-08-12 22:10:24,518 DEBUG org.springframework.boot.StartupInfoLogger [main] Running with Spring Boot v2.3.2.RELEASE, Spring v5.2.8.RELEASE
2020-08-12 22:10:24,520 INFO org.springframework.boot.SpringApplication [main] No active profile set, falling back to default profiles: default
2020-08-12 22:10:27,011 INFO org.springframework.boot.StartupInfoLogger [main] Started BackEndTestLoggingApplication in 3.066 seconds (JVM running for 4.074)
2020-08-12 22:10:31,564 INFO com.example.backendtestlogging.controllers.ClientSideLoggerController [http-nio-8080-exec-1] userId: ABC123XYZ sessionId: XYZ456ABC actions: [Action{time='2018-10-18T21:37:28-06:00', type='CLICK', properties=Properties{locationX=52, locationY=11, viewedId='null', pageFrom='null', pageTo='null'}}, Action{time='2018-10-18T21:37:30-06:00', type='VIEW', properties=Properties{locationX=null, locationY=null, viewedId='FDJKLHSLD', pageFrom='null', pageTo='null'}}, Action{time='2018-10-18T21:37:30-06:00', type='NAVIGATE', properties=Properties{locationX=null, locationY=null, viewedId='null', pageFrom='communities', pageTo='inventory'}}]
2020-08-12 22:10:31,585 ERROR com.example.backendtestlogging.controllers.ClientSideLoggerController [http-nio-8080-exec-1] working
2020-08-12 22:10:31,586 INFO com.example.backendtestlogging.controllers.ClientSideLoggerController [http-nio-8080-exec-1] User{userId='ABC123XYZ', sessionId='XYZ456ABC', actions=[Action{time='2018-10-18T21:37:28-06:00', type='CLICK', properties=Properties{locationX=52, locationY=11, viewedId='null', pageFrom='null', pageTo='null'}}, Action{time='2018-10-18T21:37:30-06:00', type='VIEW', properties=Properties{locationX=null, locationY=null, viewedId='FDJKLHSLD', pageFrom='null', pageTo='null'}}, Action{time='2018-10-18T21:37:30-06:00', type='NAVIGATE', properties=Properties{locationX=null, locationY=null, viewedId='null', pageFrom='communities', pageTo='inventory'}}]}
2020-08-12 22:10:31,586 DEBUG com.example.backendtestlogging.controllers.ClientSideLoggerController [http-nio-8080-exec-1] it is debug time : ofCourse
2020-08-12 22:28:06,924 INFO org.springframework.boot.StartupInfoLogger [main] Starting BackEndTestLoggingApplication on Nandus-Air.lan with PID 7031 (/Users/nandudharmapalan/Documents/Spring/back-end-test-logging/target/classes started by nandudharmapalan in /Users/nandudharmapalan/Documents/Spring/back-end-test-logging)
2020-08-12 22:28:06,928 DEBUG org.springframework.boot.StartupInfoLogger [main] Running with Spring Boot v2.3.2.RELEASE, Spring v5.2.8.RELEASE
2020-08-12 22:28:06,929 INFO org.springframework.boot.SpringApplication [main] No active profile set, falling back to default profiles: default
2020-08-12 22:28:09,702 INFO org.springframework.boot.StartupInfoLogger [main] Started BackEndTestLoggingApplication in 3.377 seconds (JVM running for 4.796)
2020-08-12 22:30:17,438 INFO org.springframework.boot.StartupInfoLogger [main] Starting BackEndTestLoggingApplication on Nandus-Air.lan with PID 7051 (/Users/nandudharmapalan/Documents/Spring/back-end-test-logging/target/classes started by nandudharmapalan in /Users/nandudharmapalan/Documents/Spring/back-end-test-logging)
2020-08-12 22:30:17,443 DEBUG org.springframework.boot.StartupInfoLogger [main] Running with Spring Boot v2.3.2.RELEASE, Spring v5.2.8.RELEASE
2020-08-12 22:30:17,444 INFO org.springframework.boot.SpringApplication [main] No active profile set, falling back to default profiles: default
2020-08-12 22:30:19,907 INFO org.springframework.boot.StartupInfoLogger [main] Started BackEndTestLoggingApplication in 3.111 seconds (JVM running for 4.083)
2020-08-12 22:31:40,935 INFO org.springframework.boot.StartupInfoLogger [main] Starting BackEndTestLoggingApplication on Nandus-Air.lan with PID 7057 (/Users/nandudharmapalan/Documents/Spring/back-end-test-logging/target/classes started by nandudharmapalan in /Users/nandudharmapalan/Documents/Spring/back-end-test-logging)
2020-08-12 22:31:40,938 DEBUG org.springframework.boot.StartupInfoLogger [main] Running with Spring Boot v2.3.2.RELEASE, Spring v5.2.8.RELEASE
2020-08-12 22:31:40,939 INFO org.springframework.boot.SpringApplication [main] No active profile set, falling back to default profiles: default
2020-08-12 22:31:43,572 INFO org.springframework.boot.StartupInfoLogger [main] Started BackEndTestLoggingApplication in 3.273 seconds (JVM running for 4.839)
2020-08-12 22:36:00,433 INFO org.springframework.boot.StartupInfoLogger [main] Starting BackEndTestLoggingApplication on Nandus-Air.lan with PID 7075 (/Users/nandudharmapalan/Documents/Spring/back-end-test-logging/target/classes started by nandudharmapalan in /Users/nandudharmapalan/Documents/Spring/back-end-test-logging)
2020-08-12 22:36:00,436 DEBUG org.springframework.boot.StartupInfoLogger [main] Running with Spring Boot v2.3.2.RELEASE, Spring v5.2.8.RELEASE
2020-08-12 22:36:00,437 INFO org.springframework.boot.SpringApplication [main] No active profile set, falling back to default profiles: default
2020-08-12 22:36:03,060 INFO org.springframework.boot.StartupInfoLogger [main] Started BackEndTestLoggingApplication in 3.255 seconds (JVM running for 4.341)
2020-08-12 22:49:13,534 INFO org.springframework.boot.StartupInfoLogger [main] Starting BackEndTestLoggingApplication on Nandus-Air.lan with PID 7113 (/Users/nandudharmapalan/Documents/Spring/back-end-test-logging/target/classes started by nandudharmapalan in /Users/nandudharmapalan/Documents/Spring/back-end-test-logging)
2020-08-12 22:49:13,538 DEBUG org.springframework.boot.StartupInfoLogger [main] Running with Spring Boot v2.3.2.RELEASE, Spring v5.2.8.RELEASE
2020-08-12 22:49:13,538 INFO org.springframework.boot.SpringApplication [main] No active profile set, falling back to default profiles: default
2020-08-12 22:49:16,152 INFO org.springframework.boot.StartupInfoLogger [main] Started BackEndTestLoggingApplication in 3.253 seconds (JVM running for 4.26)
2020-08-12 22:52:51,421 INFO org.springframework.boot.StartupInfoLogger [main] Starting BackEndTestLoggingApplication on Nandus-Air.lan with PID 7137 (/Users/nandudharmapalan/Documents/Spring/back-end-test-logging/target/classes started by nandudharmapalan in /Users/nandudharmapalan/Documents/Spring/back-end-test-logging)
2020-08-12 22:52:51,424 DEBUG org.springframework.boot.StartupInfoLogger [main] Running with Spring Boot v2.3.2.RELEASE, Spring v5.2.8.RELEASE
2020-08-12 22:52:51,425 INFO org.springframework.boot.SpringApplication [main] No active profile set, falling back to default profiles: default
2020-08-12 22:52:53,952 INFO org.springframework.boot.StartupInfoLogger [main] Started BackEndTestLoggingApplication in 3.103 seconds (JVM running for 4.223)
2020-08-12 22:53:37,230 INFO org.springframework.boot.StartupInfoLogger [main] Starting BackEndTestLoggingApplication on Nandus-Air.lan with PID 7143 (/Users/nandudharmapalan/Documents/Spring/back-end-test-logging/target/classes started by nandudharmapalan in /Users/nandudharmapalan/Documents/Spring/back-end-test-logging)
2020-08-12 22:53:37,232 DEBUG org.springframework.boot.StartupInfoLogger [main] Running with Spring Boot v2.3.2.RELEASE, Spring v5.2.8.RELEASE
2020-08-12 22:53:37,233 INFO org.springframework.boot.SpringApplication [main] No active profile set, falling back to default profiles: default
2020-08-12 22:53:39,817 INFO org.springframework.boot.StartupInfoLogger [main] Started BackEndTestLoggingApplication in 3.19 seconds (JVM running for 4.266)
2020-08-12 22:54:32,505 INFO org.springframework.boot.StartupInfoLogger [main] Starting BackEndTestLoggingApplication on Nandus-Air.lan with PID 7150 (/Users/nandudharmapalan/Documents/Spring/back-end-test-logging/target/classes started by nandudharmapalan in /Users/nandudharmapalan/Documents/Spring/back-end-test-logging)
2020-08-12 22:54:32,508 DEBUG org.springframework.boot.StartupInfoLogger [main] Running with Spring Boot v2.3.2.RELEASE, Spring v5.2.8.RELEASE
2020-08-12 22:54:32,509 INFO org.springframework.boot.SpringApplication [main] No active profile set, falling back to default profiles: default
2020-08-12 22:54:35,141 INFO org.springframework.boot.StartupInfoLogger [main] Started BackEndTestLoggingApplication in 3.302 seconds (JVM running for 4.281)
2020-08-12 22:59:23,902 INFO org.springframework.boot.StartupInfoLogger [main] Starting BackEndTestLoggingApplication on Nandus-Air.lan with PID 7167 (/Users/nandudharmapalan/Documents/Spring/back-end-test-logging/target/classes started by nandudharmapalan in /Users/nandudharmapalan/Documents/Spring/back-end-test-logging)
2020-08-12 22:59:23,905 DEBUG org.springframework.boot.StartupInfoLogger [main] Running with Spring Boot v2.3.2.RELEASE, Spring v5.2.8.RELEASE
2020-08-12 22:59:23,906 INFO org.springframework.boot.SpringApplication [main] No active profile set, falling back to default profiles: default
2020-08-12 22:59:26,486 INFO org.springframework.boot.StartupInfoLogger [main] Started BackEndTestLoggingApplication in 3.152 seconds (JVM running for 4.139)
2020-08-12 23:10:13,596 INFO org.springframework.boot.StartupInfoLogger [main] Starting BackEndTestLoggingApplication on Nandus-Air.lan with PID 7212 (/Users/nandudharmapalan/Documents/Spring/back-end-test-logging/target/classes started by nandudharmapalan in /Users/nandudharmapalan/Documents/Spring/back-end-test-logging)
2020-08-12 23:10:13,600 DEBUG org.springframework.boot.StartupInfoLogger [main] Running with Spring Boot v2.3.2.RELEASE, Spring v5.2.8.RELEASE
2020-08-12 23:10:13,601 INFO org.springframework.boot.SpringApplication [main] No active profile set, falling back to default profiles: default
2020-08-12 23:10:16,623 INFO org.springframework.boot.StartupInfoLogger [main] Started BackEndTestLoggingApplication in 3.627 seconds (JVM running for 4.828)
2020-08-12 23:10:32,409 INFO com.example.backendtestlogging.services.ClientSideLoggerServiceImpl [http-nio-8080-exec-2] userId: ABC123XYZ sessionId: XYZ456ABC actions: [Action{time='2018-10-18T21:37:28-06:00', type='CLICK', properties=Properties{locationX=52, locationY=11, viewedId='null', pageFrom='null', pageTo='null'}}, Action{time='2018-10-18T21:37:30-06:00', type='VIEW', properties=Properties{locationX=null, locationY=null, viewedId='FDJKLHSLD', pageFrom='null', pageTo='null'}}, Action{time='2018-10-18T21:37:30-06:00', type='NAVIGATE', properties=Properties{locationX=null, locationY=null, viewedId='null', pageFrom='communities', pageTo='inventory'}}]
2020-08-12 23:10:32,444 ERROR com.example.backendtestlogging.services.ClientSideLoggerServiceImpl [http-nio-8080-exec-2] working
2020-08-12 23:10:32,451 INFO com.example.backendtestlogging.services.ClientSideLoggerServiceImpl [http-nio-8080-exec-2] User{userId='ABC123XYZ', sessionId='XYZ456ABC', actions=[Action{time='2018-10-18T21:37:28-06:00', type='CLICK', properties=Properties{locationX=52, locationY=11, viewedId='null', pageFrom='null', pageTo='null'}}, Action{time='2018-10-18T21:37:30-06:00', type='VIEW', properties=Properties{locationX=null, locationY=null, viewedId='FDJKLHSLD', pageFrom='null', pageTo='null'}}, Action{time='2018-10-18T21:37:30-06:00', type='NAVIGATE', properties=Properties{locationX=null, locationY=null, viewedId='null', pageFrom='communities', pageTo='inventory'}}]}
2020-08-12 23:10:32,452 DEBUG com.example.backendtestlogging.services.ClientSideLoggerServiceImpl [http-nio-8080-exec-2] it is debug time : ofCourse
2020-08-12 23:11:50,858 INFO org.springframework.boot.StartupInfoLogger [main] Starting BackEndTestLoggingApplication on Nandus-Air.lan with PID 7219 (/Users/nandudharmapalan/Documents/Spring/back-end-test-logging/target/classes started by nandudharmapalan in /Users/nandudharmapalan/Documents/Spring/back-end-test-logging)
2020-08-12 23:11:50,864 DEBUG org.springframework.boot.StartupInfoLogger [main] Running with Spring Boot v2.3.2.RELEASE, Spring v5.2.8.RELEASE
2020-08-12 23:11:50,866 INFO org.springframework.boot.SpringApplication [main] No active profile set, falling back to default profiles: default
2020-08-12 23:11:53,439 INFO org.springframework.boot.StartupInfoLogger [main] Started BackEndTestLoggingApplication in 3.192 seconds (JVM running for 4.281)
2020-08-12 23:11:58,486 INFO com.example.backendtestlogging.services.ClientSideLoggerServiceImpl [http-nio-8080-exec-2] userId: ABC123XYZ sessionId: XYZ456ABC actions: [Action{time='2018-10-18T21:37:28-06:00', type='CLICK', properties=Properties{locationX=52, locationY=11, viewedId='null', pageFrom='null', pageTo='null'}}, Action{time='2018-10-18T21:37:30-06:00', type='VIEW', properties=Properties{locationX=null, locationY=null, viewedId='FDJKLHSLD', pageFrom='null', pageTo='null'}}, Action{time='2018-10-18T21:37:30-06:00', type='NAVIGATE', properties=Properties{locationX=null, locationY=null, viewedId='null', pageFrom='communities', pageTo='inventory'}}]
2020-08-12 23:11:58,518 ERROR com.example.backendtestlogging.services.ClientSideLoggerServiceImpl [http-nio-8080-exec-2] working
2020-08-12 23:11:58,519 INFO com.example.backendtestlogging.services.ClientSideLoggerServiceImpl [http-nio-8080-exec-2] User{userId='ABC123XYZ', sessionId='XYZ456ABC', actions=[Action{time='2018-10-18T21:37:28-06:00', type='CLICK', properties=Properties{locationX=52, locationY=11, viewedId='null', pageFrom='null', pageTo='null'}}, Action{time='2018-10-18T21:37:30-06:00', type='VIEW', properties=Properties{locationX=null, locationY=null, viewedId='FDJKLHSLD', pageFrom='null', pageTo='null'}}, Action{time='2018-10-18T21:37:30-06:00', type='NAVIGATE', properties=Properties{locationX=null, locationY=null, viewedId='null', pageFrom='communities', pageTo='inventory'}}]}
2020-08-12 23:11:58,520 DEBUG com.example.backendtestlogging.services.ClientSideLoggerServiceImpl [http-nio-8080-exec-2] it is debug time : ofCourse
2020-08-12 23:12:15,053 INFO org.springframework.boot.StartupInfoLogger [main] Starting BackEndTestLoggingApplication on Nandus-Air.lan with PID 7223 (/Users/nandudharmapalan/Documents/Spring/back-end-test-logging/target/classes started by nandudharmapalan in /Users/nandudharmapalan/Documents/Spring/back-end-test-logging)
2020-08-12 23:12:15,061 DEBUG org.springframework.boot.StartupInfoLogger [main] Running with Spring Boot v2.3.2.RELEASE, Spring v5.2.8.RELEASE
2020-08-12 23:12:15,062 INFO org.springframework.boot.SpringApplication [main] No active profile set, falling back to default profiles: default
2020-08-12 23:12:17,751 INFO org.springframework.boot.StartupInfoLogger [main] Started BackEndTestLoggingApplication in 3.542 seconds (JVM running for 4.921)
2020-08-12 23:12:33,366 INFO com.example.backendtestlogging.services.ClientSideLoggerServiceImpl [http-nio-8080-exec-2] userId: ABC123XYZ sessionId: XYZ456ABC actions: [Action{time='2018-10-18T21:37:28-06:00', type='CLICK', properties=Properties{locationX=52, locationY=11, viewedId='null', pageFrom='null', pageTo='null'}}, Action{time='2018-10-18T21:37:30-06:00', type='VIEW', properties=Properties{locationX=null, locationY=null, viewedId='FDJKLHSLD', pageFrom='null', pageTo='null'}}, Action{time='2018-10-18T21:37:30-06:00', type='NAVIGATE', properties=Properties{locationX=null, locationY=null, viewedId='null', pageFrom='communities', pageTo='inventory'}}]
2020-08-12 23:12:33,429 ERROR com.example.backendtestlogging.services.ClientSideLoggerServiceImpl [http-nio-8080-exec-2] working
2020-08-12 23:12:33,431 INFO com.example.backendtestlogging.services.ClientSideLoggerServiceImpl [http-nio-8080-exec-2] User{userId='ABC123XYZ', sessionId='XYZ456ABC', actions=[Action{time='2018-10-18T21:37:28-06:00', type='CLICK', properties=Properties{locationX=52, locationY=11, viewedId='null', pageFrom='null', pageTo='null'}}, Action{time='2018-10-18T21:37:30-06:00', type='VIEW', properties=Properties{locationX=null, locationY=null, viewedId='FDJKLHSLD', pageFrom='null', pageTo='null'}}, Action{time='2018-10-18T21:37:30-06:00', type='NAVIGATE', properties=Properties{locationX=null, locationY=null, viewedId='null', pageFrom='communities', pageTo='inventory'}}]}
2020-08-12 23:12:33,431 DEBUG com.example.backendtestlogging.services.ClientSideLoggerServiceImpl [http-nio-8080-exec-2] it is debug time : ofCourse
2020-08-12 23:13:15,137 INFO org.springframework.boot.StartupInfoLogger [main] Starting BackEndTestLoggingApplication on Nandus-Air.lan with PID 7229 (/Users/nandudharmapalan/Documents/Spring/back-end-test-logging/target/classes started by nandudharmapalan in /Users/nandudharmapalan/Documents/Spring/back-end-test-logging)
2020-08-12 23:13:15,140 DEBUG org.springframework.boot.StartupInfoLogger [main] Running with Spring Boot v2.3.2.RELEASE, Spring v5.2.8.RELEASE
2020-08-12 23:13:15,141 INFO org.springframework.boot.SpringApplication [main] No active profile set, falling back to default profiles: default
2020-08-12 23:13:18,045 INFO org.springframework.boot.StartupInfoLogger [main] Started BackEndTestLoggingApplication in 3.533 seconds (JVM running for 4.534)
2020-08-12 23:13:21,982 INFO com.example.backendtestlogging.services.ClientSideLoggerServiceImpl [http-nio-8080-exec-2] userId: ABC123XYZ sessionId: XYZ456ABC actions: [Action{time='2018-10-18T21:37:28-06:00', type='CLICK', properties=Properties{locationX=52, locationY=11, viewedId='null', pageFrom='null', pageTo='null'}}, Action{time='2018-10-18T21:37:30-06:00', type='VIEW', properties=Properties{locationX=null, locationY=null, viewedId='FDJKLHSLD', pageFrom='null', pageTo='null'}}, Action{time='2018-10-18T21:37:30-06:00', type='NAVIGATE', properties=Properties{locationX=null, locationY=null, viewedId='null', pageFrom='communities', pageTo='inventory'}}]
2020-08-12 23:13:22,073 ERROR com.example.backendtestlogging.services.ClientSideLoggerServiceImpl [http-nio-8080-exec-2] working
2020-08-12 23:13:22,075 INFO com.example.backendtestlogging.services.ClientSideLoggerServiceImpl [http-nio-8080-exec-2] User{userId='ABC123XYZ', sessionId='XYZ456ABC', actions=[Action{time='2018-10-18T21:37:28-06:00', type='CLICK', properties=Properties{locationX=52, locationY=11, viewedId='null', pageFrom='null', pageTo='null'}}, Action{time='2018-10-18T21:37:30-06:00', type='VIEW', properties=Properties{locationX=null, locationY=null, viewedId='FDJKLHSLD', pageFrom='null', pageTo='null'}}, Action{time='2018-10-18T21:37:30-06:00', type='NAVIGATE', properties=Properties{locationX=null, locationY=null, viewedId='null', pageFrom='communities', pageTo='inventory'}}]}
2020-08-12 23:13:22,076 DEBUG com.example.backendtestlogging.services.ClientSideLoggerServiceImpl [http-nio-8080-exec-2] it is debug time : ofCourse
2020-08-12 23:15:51,396 INFO org.springframework.boot.StartupInfoLogger [main] Starting BackEndTestLoggingApplication on Nandus-Air.lan with PID 7242 (/Users/nandudharmapalan/Documents/Spring/back-end-test-logging/target/classes started by nandudharmapalan in /Users/nandudharmapalan/Documents/Spring/back-end-test-logging)
2020-08-12 23:15:51,400 DEBUG org.springframework.boot.StartupInfoLogger [main] Running with Spring Boot v2.3.2.RELEASE, Spring v5.2.8.RELEASE
2020-08-12 23:15:51,401 INFO org.springframework.boot.SpringApplication [main] No active profile set, falling back to default profiles: default
2020-08-12 23:15:54,734 INFO org.springframework.boot.StartupInfoLogger [main] Started BackEndTestLoggingApplication in 4.078 seconds (JVM running for 5.349)
2020-08-12 23:16:04,781 INFO com.example.backendtestlogging.services.ClientSideLoggerServiceImpl [http-nio-8080-exec-2] userId: ABC123XYZ sessionId: XYZ456ABC actions: [Action{time='2018-10-18T21:37:28-06:00', type='CLICK', properties=Properties{locationX=52, locationY=11, viewedId='null', pageFrom='null', pageTo='null'}}, Action{time='2018-10-18T21:37:30-06:00', type='VIEW', properties=Properties{locationX=null, locationY=null, viewedId='FDJKLHSLD', pageFrom='null', pageTo='null'}}, Action{time='2018-10-18T21:37:30-06:00', type='NAVIGATE', properties=Properties{locationX=null, locationY=null, viewedId='null', pageFrom='communities', pageTo='inventory'}}]
2020-08-12 23:16:04,822 ERROR com.example.backendtestlogging.services.ClientSideLoggerServiceImpl [http-nio-8080-exec-2] working
2020-08-12 23:16:04,824 INFO com.example.backendtestlogging.services.ClientSideLoggerServiceImpl [http-nio-8080-exec-2] User{userId='ABC123XYZ', sessionId='XYZ456ABC', actions=[Action{time='2018-10-18T21:37:28-06:00', type='CLICK', properties=Properties{locationX=52, locationY=11, viewedId='null', pageFrom='null', pageTo='null'}}, Action{time='2018-10-18T21:37:30-06:00', type='VIEW', properties=Properties{locationX=null, locationY=null, viewedId='FDJKLHSLD', pageFrom='null', pageTo='null'}}, Action{time='2018-10-18T21:37:30-06:00', type='NAVIGATE', properties=Properties{locationX=null, locationY=null, viewedId='null', pageFrom='communities', pageTo='inventory'}}]}
2020-08-12 23:16:04,824 DEBUG com.example.backendtestlogging.services.ClientSideLoggerServiceImpl [http-nio-8080-exec-2] it is debug time : ofCourse
2020-08-12 23:28:34,868 INFO org.springframework.boot.StartupInfoLogger [main] Starting BackEndTestLoggingApplication on Nandus-Air.lan with PID 7282 (/Users/nandudharmapalan/Documents/Spring/back-end-test-logging/target/classes started by nandudharmapalan in /Users/nandudharmapalan/Documents/Spring/back-end-test-logging)
2020-08-12 23:28:34,871 DEBUG org.springframework.boot.StartupInfoLogger [main] Running with Spring Boot v2.3.2.RELEASE, Spring v5.2.8.RELEASE
2020-08-12 23:28:34,872 INFO org.springframework.boot.SpringApplication [main] No active profile set, falling back to default profiles: default
2020-08-12 23:28:37,572 INFO org.springframework.boot.StartupInfoLogger [main] Started BackEndTestLoggingApplication in 3.372 seconds (JVM running for 4.75)
2020-08-12 23:29:30,077 INFO org.springframework.boot.StartupInfoLogger [main] Starting BackEndTestLoggingApplication on Nandus-Air.lan with PID 7299 (/Users/nandudharmapalan/Documents/Spring/back-end-test-logging/target/classes started by nandudharmapalan in /Users/nandudharmapalan/Documents/Spring/back-end-test-logging)
2020-08-12 23:29:30,084 DEBUG org.springframework.boot.StartupInfoLogger [main] Running with Spring Boot v2.3.2.RELEASE, Spring v5.2.8.RELEASE
2020-08-12 23:29:30,085 INFO org.springframework.boot.SpringApplication [main] No active profile set, falling back to default profiles: default
2020-08-12 23:29:32,799 INFO org.springframework.boot.StartupInfoLogger [main] Started BackEndTestLoggingApplication in 3.406 seconds (JVM running for 4.443)
2020-08-12 23:43:31,636 INFO org.springframework.boot.StartupInfoLogger [main] Starting BackEndTestLoggingApplication on Nandus-Air.lan with PID 7359 (/Users/nandudharmapalan/Documents/Spring/back-end-test-logging/target/classes started by nandudharmapalan in /Users/nandudharmapalan/Documents/Spring/back-end-test-logging)
2020-08-12 23:43:31,640 DEBUG org.springframework.boot.StartupInfoLogger [main] Running with Spring Boot v2.3.2.RELEASE, Spring v5.2.8.RELEASE
2020-08-12 23:43:31,641 INFO org.springframework.boot.SpringApplication [main] No active profile set, falling back to default profiles: default
2020-08-12 23:43:34,418 INFO org.springframework.boot.StartupInfoLogger [main] Started BackEndTestLoggingApplication in 3.383 seconds (JVM running for 4.41)
2020-08-12 23:44:10,545 INFO org.springframework.boot.StartupInfoLogger [main] Starting BackEndTestLoggingApplication on Nandus-Air.lan with PID 7366 (/Users/nandudharmapalan/Documents/Spring/back-end-test-logging/target/classes started by nandudharmapalan in /Users/nandudharmapalan/Documents/Spring/back-end-test-logging)
2020-08-12 23:44:10,548 DEBUG org.springframework.boot.StartupInfoLogger [main] Running with Spring Boot v2.3.2.RELEASE, Spring v5.2.8.RELEASE
2020-08-12 23:44:10,550 INFO org.springframework.boot.SpringApplication [main] No active profile set, falling back to default profiles: default
2020-08-12 23:44:13,106 INFO org.springframework.boot.StartupInfoLogger [main] Started BackEndTestLoggingApplication in 3.208 seconds (JVM running for 4.186)
2020-08-12 23:46:38,788 INFO org.springframework.boot.StartupInfoLogger [main] Starting BackEndTestLoggingApplication on Nandus-Air.lan with PID 7376 (/Users/nandudharmapalan/Documents/Spring/back-end-test-logging/target/classes started by nandudharmapalan in /Users/nandudharmapalan/Documents/Spring/back-end-test-logging)
2020-08-12 23:46:38,791 DEBUG org.springframework.boot.StartupInfoLogger [main] Running with Spring Boot v2.3.2.RELEASE, Spring v5.2.8.RELEASE
2020-08-12 23:46:38,792 INFO org.springframework.boot.SpringApplication [main] No active profile set, falling back to default profiles: default
2020-08-12 23:46:41,429 INFO org.springframework.boot.StartupInfoLogger [main] Started BackEndTestLoggingApplication in 3.268 seconds (JVM running for 4.262)
2020-08-12 23:51:11,339 INFO org.springframework.boot.StartupInfoLogger [main] Starting BackEndTestLoggingApplication on Nandus-Air.lan with PID 7387 (/Users/nandudharmapalan/Documents/Spring/back-end-test-logging/target/classes started by nandudharmapalan in /Users/nandudharmapalan/Documents/Spring/back-end-test-logging)
2020-08-12 23:51:11,342 DEBUG org.springframework.boot.StartupInfoLogger [main] Running with Spring Boot v2.3.2.RELEASE, Spring v5.2.8.RELEASE
2020-08-12 23:51:11,343 INFO org.springframework.boot.SpringApplication [main] No active profile set, falling back to default profiles: default
2020-08-12 23:51:14,346 INFO org.springframework.boot.StartupInfoLogger [main] Started BackEndTestLoggingApplication in 3.586 seconds (JVM running for 4.824)
2020-08-12 23:51:22,363 ERROR com.example.backendtestlogging.controllers.ClientSideLoggerController [http-nio-8080-exec-2] Invalid date format of fromDate GET 'client-log' fromdate: "2018 10 18"
2020-08-12 23:58:05,313 INFO org.springframework.boot.StartupInfoLogger [main] Starting BackEndTestLoggingApplication on Nandus-Air.lan with PID 7431 (/Users/nandudharmapalan/Documents/Spring/back-end-test-logging/target/classes started by nandudharmapalan in /Users/nandudharmapalan/Documents/Spring/back-end-test-logging)
2020-08-12 23:58:05,317 DEBUG org.springframework.boot.StartupInfoLogger [main] Running with Spring Boot v2.3.2.RELEASE, Spring v5.2.8.RELEASE
2020-08-12 23:58:05,319 INFO org.springframework.boot.SpringApplication [main] No active profile set, falling back to default profiles: default
2020-08-12 23:58:07,899 INFO org.springframework.boot.StartupInfoLogger [main] Started BackEndTestLoggingApplication in 3.321 seconds (JVM running for 4.309)
2020-08-12 23:58:13,855 ERROR com.example.backendtestlogging.controllers.ClientSideLoggerController [http-nio-8080-exec-2] Invalid date format of fromDate GET 'client-log' fromdate: "2018 10 18"
2020-08-12 23:59:43,197 ERROR com.example.backendtestlogging.controllers.ClientSideLoggerController [http-nio-8080-exec-4] Invalid date format of fromDate GET 'client-log' fromdate: "2018-10-18T21:37:28-06:00"
2020-08-12 23:59:51,639 ERROR com.example.backendtestlogging.controllers.ClientSideLoggerController [http-nio-8080-exec-6] Invalid date format of fromDate GET 'client-log' fromdate: "2018-10-18T21:37:28 06:00"
